Start testing: Jan 28 15:15 CET
----------------------------------------------------------
1/1 Testing: Test
1/1 Test: Test
Command: "/Users/konradkargul/Desktop/cpp/c_uni_project/build/UnitTests" "--report_level=detailed" "--log_level=all" "--color_output=yes"
Directory: /Users/konradkargul/Desktop/cpp/c_uni_project/build
"Test" start time: Jan 28 15:15 CET
Output:
----------------------------------------------------------
Running 4 test cases...
[1;34;49mEntering test module "BankTests"
[0;39;49m[1;34;49m/Users/konradkargul/Desktop/cpp/c_uni_project/tests/tests.cpp:11: Entering test case "Deposit_IncreasesBalance"
[0;39;49m/Users/konradkargul/Desktop/cpp/c_uni_project/tests/tests.cpp:17: [1;32;49minfo: check account.checkBalance() == 1500.0 has passed[0;39;49m
[1;34;49m/Users/konradkargul/Desktop/cpp/c_uni_project/tests/tests.cpp:11: Leaving test case "Deposit_IncreasesBalance"; testing time: 327us
[0;39;49m[1;34;49m/Users/konradkargul/Desktop/cpp/c_uni_project/tests/tests.cpp:21: Entering test case "Withdraw_DecreasesBalance"
[0;39;49m/Users/konradkargul/Desktop/cpp/c_uni_project/tests/tests.cpp:27: [1;32;49minfo: check account.checkBalance() == 700.0 has passed[0;39;49m
[1;34;49m/Users/konradkargul/Desktop/cpp/c_uni_project/tests/tests.cpp:21: Leaving test case "Withdraw_DecreasesBalance"; testing time: 35us
[0;39;49m[1;34;49m/Users/konradkargul/Desktop/cpp/c_uni_project/tests/tests.cpp:31: Entering test case "Withdraw_ThrowsWhenNotEnoughMoney"
[0;39;49m/Users/konradkargul/Desktop/cpp/c_uni_project/tests/tests.cpp:35: [1;32;49minfo: check 'exception "InsufficientFundsException" raised as expected' has passed[0;39;49m
[1;34;49m/Users/konradkargul/Desktop/cpp/c_uni_project/tests/tests.cpp:31: Leaving test case "Withdraw_ThrowsWhenNotEnoughMoney"; testing time: 65us
[0;39;49m[1;34;49m/Users/konradkargul/Desktop/cpp/c_uni_project/tests/tests.cpp:39: Entering test case "Transfer_MovesMoney"
[0;39;49m/Users/konradkargul/Desktop/cpp/c_uni_project/tests/tests.cpp:48: [1;32;49minfo: check sender->checkBalance() == 700.0 has passed[0;39;49m
/Users/konradkargul/Desktop/cpp/c_uni_project/tests/tests.cpp:49: [1;32;49minfo: check receiver->checkBalance() == 800.0 has passed[0;39;49m
[1;34;49m/Users/konradkargul/Desktop/cpp/c_uni_project/tests/tests.cpp:39: Leaving test case "Transfer_MovesMoney"; testing time: 1799us
[0;39;49m[1;34;49mLeaving test module "BankTests"; testing time: 2250us
[0;39;49m
Test module "BankTests" has passed with:
  4 test cases out of 4 passed
  5 assertions out of 5 passed

  Test case "Deposit_IncreasesBalance" has passed with:
    1 assertion out of 1 passed

  Test case "Withdraw_DecreasesBalance" has passed with:
    1 assertion out of 1 passed

  Test case "Withdraw_ThrowsWhenNotEnoughMoney" has passed with:
    1 assertion out of 1 passed

  Test case "Transfer_MovesMoney" has passed with:
    2 assertions out of 2 passed

<end of output>
Test time =   0.36 sec
----------------------------------------------------------
Test Passed.
"Test" end time: Jan 28 15:15 CET
"Test" time elapsed: 00:00:00
----------------------------------------------------------

End testing: Jan 28 15:15 CET
